c:\users\nocha\documents\카카오톡 받은 파일\tendaze_5\rgengine_2016\release\vc141.pdb
c:\users\nocha\documents\카카오톡 받은 파일\tendaze_5\rgengine_2016\release\rgcomponentcirclecollider.obj
c:\users\nocha\documents\카카오톡 받은 파일\tendaze_5\rgengine_2016\release\rgcomponentboxcollider.obj
c:\users\nocha\documents\카카오톡 받은 파일\tendaze_5\rgengine_2016\release\rgcomponentaudiosource.obj
c:\users\nocha\documents\카카오톡 받은 파일\tendaze_5\rgengine_2016\release\rgcomponentaudiolistener.obj
c:\users\nocha\documents\카카오톡 받은 파일\tendaze_5\rgengine_2016\release\rgcomponentanimationrenderer.obj
c:\users\nocha\documents\카카오톡 받은 파일\tendaze_5\rgengine_2016\release\rgcomponent.obj
c:\users\nocha\documents\카카오톡 받은 파일\tendaze_5\rgengine_2016\release\rgassettexturemanager.obj
c:\users\nocha\documents\카카오톡 받은 파일\tendaze_5\rgengine_2016\release\rgassettexture.obj
c:\users\nocha\documents\카카오톡 받은 파일\tendaze_5\rgengine_2016\release\rgassetsoundmanager.obj
c:\users\nocha\documents\카카오톡 받은 파일\tendaze_5\rgengine_2016\release\rgassetsound.obj
c:\users\nocha\documents\카카오톡 받은 파일\tendaze_5\rgengine_2016\release\rgassetmanager.obj
c:\users\nocha\documents\카카오톡 받은 파일\tendaze_5\rgengine_2016\release\rgapplication.obj
c:\users\nocha\documents\카카오톡 받은 파일\tendaze_5\rgengine_2016\release\refrigerator.obj
c:\users\nocha\documents\카카오톡 받은 파일\tendaze_5\rgengine_2016\release\programentry.obj
c:\users\nocha\documents\카카오톡 받은 파일\tendaze_5\rgengine_2016\release\mainscene.obj
c:\users\nocha\documents\카카오톡 받은 파일\tendaze_5\rgengine_2016\release\hpbar.obj
c:\users\nocha\documents\카카오톡 받은 파일\tendaze_5\rgengine_2016\release\gamescene.obj
c:\users\nocha\documents\카카오톡 받은 파일\tendaze_5\rgengine_2016\release\gamemanager.obj
c:\users\nocha\documents\카카오톡 받은 파일\tendaze_5\rgengine_2016\release\developer.obj
c:\users\nocha\documents\카카오톡 받은 파일\tendaze_5\rgengine_2016\release\animation.obj
c:\users\nocha\documents\카카오톡 받은 파일\tendaze_5\rgengine_2016\release\whipeffect.obj
c:\users\nocha\documents\카카오톡 받은 파일\tendaze_5\rgengine_2016\release\ui.obj
c:\users\nocha\documents\카카오톡 받은 파일\tendaze_5\rgengine_2016\release\timer.obj
c:\users\nocha\documents\카카오톡 받은 파일\tendaze_5\rgengine_2016\release\texteffect.obj
c:\users\nocha\documents\카카오톡 받은 파일\tendaze_5\rgengine_2016\release\text.obj
c:\users\nocha\documents\카카오톡 받은 파일\tendaze_5\rgengine_2016\release\tear.obj
c:\users\nocha\documents\카카오톡 받은 파일\tendaze_5\rgengine_2016\release\sprite.obj
c:\users\nocha\documents\카카오톡 받은 파일\tendaze_5\rgengine_2016\release\sound.obj
c:\users\nocha\documents\카카오톡 받은 파일\tendaze_5\rgengine_2016\release\rgtime.obj
c:\users\nocha\documents\카카오톡 받은 파일\tendaze_5\rgengine_2016\release\rgscene.obj
c:\users\nocha\documents\카카오톡 받은 파일\tendaze_5\rgengine_2016\release\rginput.obj
c:\users\nocha\documents\카카오톡 받은 파일\tendaze_5\rgengine_2016\release\rggraphic.obj
c:\users\nocha\documents\카카오톡 받은 파일\tendaze_5\rgengine_2016\release\rggameobject.obj
c:\users\nocha\documents\카카오톡 받은 파일\tendaze_5\rgengine_2016\release\rgdatastreamxml.obj
c:\users\nocha\documents\카카오톡 받은 파일\tendaze_5\rgengine_2016\release\rgdatastreamjson.obj
c:\users\nocha\documents\카카오톡 받은 파일\tendaze_5\rgengine_2016\release\rgdatastreamfile.obj
c:\users\nocha\documents\카카오톡 받은 파일\tendaze_5\rgengine_2016\release\rgcomponenttextrenderer.obj
c:\users\nocha\documents\카카오톡 받은 파일\tendaze_5\rgengine_2016\release\rgcomponentspriterenderer.obj
c:\users\nocha\documents\카카오톡 받은 파일\tendaze_5\rgengine_2016\release\rgcomponentcollider.obj
c:\users\nocha\documents\카카오톡 받은 파일\tendaze_5\release\rgengine_2016.exe
c:\users\nocha\documents\카카오톡 받은 파일\tendaze_5\release\rgengine_2016.pdb
c:\users\nocha\documents\카카오톡 받은 파일\tendaze_5\release\rgengine_2016.ipdb
c:\users\nocha\documents\카카오톡 받은 파일\tendaze_5\release\rgengine_2016.iobj
c:\users\nocha\documents\카카오톡 받은 파일\tendaze_5\rgengine_2016\release\player.obj
c:\users\nocha\documents\카카오톡 받은 파일\tendaze_5\rgengine_2016\release\rgengine_2016.tlog\cl.command.1.tlog
c:\users\nocha\documents\카카오톡 받은 파일\tendaze_5\rgengine_2016\release\rgengine_2016.tlog\cl.read.1.tlog
c:\users\nocha\documents\카카오톡 받은 파일\tendaze_5\rgengine_2016\release\rgengine_2016.tlog\cl.write.1.tlog
c:\users\nocha\documents\카카오톡 받은 파일\tendaze_5\rgengine_2016\release\rgengine_2016.tlog\link.command.1.tlog
c:\users\nocha\documents\카카오톡 받은 파일\tendaze_5\rgengine_2016\release\rgengine_2016.tlog\link.read.1.tlog
c:\users\nocha\documents\카카오톡 받은 파일\tendaze_5\rgengine_2016\release\rgengine_2016.tlog\link.write.1.tlog
c:\users\nocha\documents\카카오톡 받은 파일\tendaze_5\rgengine_2016\release\rgengine_2016.tlog\rgengine_2016.write.1u.tlog
